# JRE version: Java(TM) SE Runtime Environment (8.0_144-b01) (build 1.8.0_144-b01)
# Java VM: Java HotSpot(TM) 64-Bit Server VM (25.144-b01 mixed mode windows-amd64 compressed oops)
Heap:
 PSYoungGen      total 16896K, used 14156K [0x00000000ed800000, 0x00000000eea80000, 0x0000000100000000)
  eden space 14848K, 81% used [0x00000000ed800000,0x00000000ee3d6fe0,0x00000000ee680000)
  from space 2048K, 99% used [0x00000000ee680000,0x00000000ee87c020,0x00000000ee880000)
  to   space 2048K, 0% used [0x00000000ee880000,0x00000000ee880000,0x00000000eea80000)
 ParOldGen       total 38400K, used 5920K [0x00000000c8800000, 0x00000000cad80000, 0x00000000ed800000)
  object space 38400K, 15% used [0x00000000c8800000,0x00000000c8dc81c8,0x00000000cad80000)
 Metaspace       used 17780K, capacity 18734K, committed 18944K, reserved 1064960K
  class space    used 2239K, capacity 2475K, committed 2560K, reserved 1048576K
GC Heap History (6 events):
Event: 2.126 GC heap before
{Heap before GC invocations=1 (full 0):
 PSYoungGen      total 16896K, used 14848K [0x00000000ed800000, 0x00000000eea80000, 0x0000000100000000)
  eden space 14848K, 100% used [0x00000000ed800000,0x00000000ee680000,0x00000000ee680000)
  from space 2048K, 0% used [0x00000000ee880000,0x00000000ee880000,0x00000000eea80000)
  to   space 2048K, 0% used [0x00000000ee680000,0x00000000ee680000,0x00000000ee880000)
 ParOldGen       total 38400K, used 0K [0x00000000c8800000, 0x00000000cad80000, 0x00000000ed800000)
  object space 38400K, 0% used [0x00000000c8800000,0x00000000c8800000,0x00000000cad80000)
 Metaspace       used 9392K, capacity 9594K, committed 9984K, reserved 1058816K
  class space    used 1088K, capacity 1177K, committed 1280K, reserved 1048576K
Event: 2.135 GC heap after
Heap after GC invocations=1 (full 0):
 PSYoungGen      total 16896K, used 2030K [0x00000000ed800000, 0x00000000eea80000, 0x0000000100000000)
  eden space 14848K, 0% used [0x00000000ed800000,0x00000000ed800000,0x00000000ee680000)
  from space 2048K, 99% used [0x00000000ee680000,0x00000000ee87b868,0x00000000ee880000)
  to   space 2048K, 0% used [0x00000000ee880000,0x00000000ee880000,0x00000000eea80000)
 ParOldGen       total 38400K, used 1274K [0x00000000c8800000, 0x00000000cad80000, 0x00000000ed800000)
  object space 38400K, 3% used [0x00000000c8800000,0x00000000c893e850,0x00000000cad80000)
 Metaspace       used 9392K, capacity 9594K, committed 9984K, reserved 1058816K
  class space    used 1088K, capacity 1177K, committed 1280K, reserved 1048576K
}
Event: 2.917 GC heap before
{Heap before GC invocations=2 (full 0):
 PSYoungGen      total 16896K, used 16878K [0x00000000ed800000, 0x00000000eea80000, 0x0000000100000000)
  eden space 14848K, 100% used [0x00000000ed800000,0x00000000ee680000,0x00000000ee680000)
  from space 2048K, 99% used [0x00000000ee680000,0x00000000ee87b868,0x00000000ee880000)
  to   space 2048K, 0% used [0x00000000ee880000,0x00000000ee880000,0x00000000eea80000)
 ParOldGen       total 38400K, used 1274K [0x00000000c8800000, 0x00000000cad80000, 0x00000000ed800000)
  object space 38400K, 3% used [0x00000000c8800000,0x00000000c893e850,0x00000000cad80000)
 Metaspace       used 13267K, capacity 13684K, committed 13824K, reserved 1060864K
  class space    used 1596K, capacity 1697K, committed 1792K, reserved 1048576K
Event: 2.926 GC heap after
Heap after GC invocations=2 (full 0):
 PSYoungGen      total 16896K, used 2016K [0x00000000ed800000, 0x00000000eea80000, 0x0000000100000000)
  eden space 14848K, 0% used [0x00000000ed800000,0x00000000ed800000,0x00000000ee680000)
  from space 2048K, 98% used [0x00000000ee880000,0x00000000eea78030,0x00000000eea80000)
  to   space 2048K, 0% used [0x00000000ee680000,0x00000000ee680000,0x00000000ee880000)
 ParOldGen       total 38400K, used 3704K [0x00000000c8800000, 0x00000000cad80000, 0x00000000ed800000)
  object space 38400K, 9% used [0x00000000c8800000,0x00000000c8b9e140,0x00000000cad80000)
 Metaspace       used 13267K, capacity 13684K, committed 13824K, reserved 1060864K
  class space    used 1596K, capacity 1697K, committed 1792K, reserved 1048576K
}
Event: 4.962 GC heap before
{Heap before GC invocations=3 (full 0):
 PSYoungGen      total 16896K, used 16864K [0x00000000ed800000, 0x00000000eea80000, 0x0000000100000000)
  eden space 14848K, 100% used [0x00000000ed800000,0x00000000ee680000,0x00000000ee680000)
  from space 2048K, 98% used [0x00000000ee880000,0x00000000eea78030,0x00000000eea80000)
  to   space 2048K, 0% used [0x00000000ee680000,0x00000000ee680000,0x00000000ee880000)
 ParOldGen       total 38400K, used 3704K [0x00000000c8800000, 0x00000000cad80000, 0x00000000ed800000)
  object space 38400K, 9% used [0x00000000c8800000,0x00000000c8b9e140,0x00000000cad80000)
 Metaspace       used 15650K, capacity 16444K, committed 16512K, reserved 1062912K
  class space    used 1937K, capacity 2142K, committed 2176K, reserved 1048576K
Event: 4.970 GC heap after
Heap after GC invocations=3 (full 0):
 PSYoungGen      total 16896K, used 2032K [0x00000000ed800000, 0x00000000eea80000, 0x0000000100000000)
  eden space 14848K, 0% used [0x00000000ed800000,0x00000000ed800000,0x00000000ee680000)
  from space 2048K, 99% used [0x00000000ee680000,0x00000000ee87c020,0x00000000ee880000)
  to   space 2048K, 0% used [0x00000000ee880000,0x00000000ee880000,0x00000000eea80000)
 ParOldGen       total 38400K, used 5920K [0x00000000c8800000, 0x00000000cad80000, 0x00000000ed800000)
  object space 38400K, 15% used [0x00000000c8800000,0x00000000c8dc81c8,0x00000000cad80000)
 Metaspace       used 15650K, capacity 16444K, committed 16512K, reserved 1062912K
  class space    used 1937K, capacity 2142K, committed 2176K, reserved 1048576K
}

