<?xml version="1.0" encoding="UTF-8"?>
<testng-results skipped="0" failed="0" ignored="0" total="2" passed="2">
  <reporter-output>
  </reporter-output>
  <suite name="Default suite" duration-ms="1261" started-at="2022-06-17T00:39:47 IST" finished-at="2022-06-17T00:39:48 IST">
    <groups>
    </groups>
    <test name="Default test" duration-ms="1261" started-at="2022-06-17T00:39:47 IST" finished-at="2022-06-17T00:39:48 IST">
      <class name="jbkObjTest.UsefulLinksTest">
        <test-method status="PASS" signature="test1()[pri:0, instance:jbkObjTest.UsefulLinksTest@36b4cef0]" name="test1" is-config="true" duration-ms="10010" started-at="2022-06-17T00:39:37 IST" finished-at="2022-06-17T00:39:47 IST">
          <reporter-output>
          </reporter-output>
        </test-method> <!-- test1 -->
        <test-method status="PASS" signature="veryHeading()[pri:1, instance:jbkObjTest.UsefulLinksTest@36b4cef0]" name="veryHeading" duration-ms="734" started-at="2022-06-17T00:39:47 IST" finished-at="2022-06-17T00:39:48 IST">
          <reporter-output>
          </reporter-output>
        </test-method> <!-- veryHeading -->
        <test-method status="PASS" signature="testUsefulLinks()[pri:2, instance:jbkObjTest.UsefulLinksTest@36b4cef0]" name="testUsefulLinks" duration-ms="393" started-at="2022-06-17T00:39:48 IST" finished-at="2022-06-17T00:39:48 IST">
          <reporter-output>
          </reporter-output>
        </test-method> <!-- testUsefulLinks -->
        <test-method status="PASS" signature="driverClose()[pri:0, instance:jbkObjTest.UsefulLinksTest@36b4cef0]" name="driverClose" is-config="true" duration-ms="403" started-at="2022-06-17T00:39:49 IST" finished-at="2022-06-17T00:39:49 IST">
          <reporter-output>
          </reporter-output>
        </test-method> <!-- driverClose -->
      </class> <!-- jbkObjTest.UsefulLinksTest -->
    </test> <!-- Default test -->
  </suite> <!-- Default suite -->
</testng-results>
